<?xml version="1.0" encoding="UTF-8"?>
<!-- Generated by org.testng.reporters.JUnitXMLReporter -->
<testsuite ignored="0" hostname="DESKTOP-R9EEI9B" failures="1" tests="4" name="Test" time="81.678" errors="0" timestamp="2022-06-15T15:29:04 IST">
  <testcase classname="com.SauceDemo.Testclasses.TC01LoginFunctionality" name="LoginFunctionalityTest" time="0.72"/>
  <testcase classname="com.SauceDemo.Testclasses.TC02LogoutFunctionality" name="LogoutFunctionalityTest" time="0.911"/>
  <testcase classname="com.SauceDemo.Testclasses.TC03SingleProductAddToCartFunctionality" name="SingleProductAddToCartFunctionalityTest" time="0.659"/>
  <testcase classname="com.SauceDemo.Testclasses.TC04MultipleProductAddToCartfunctionality" name="MultipleProductAddToCartfunctionalityTest" time="0.843">
    <failure type="java.lang.AssertionError" message="expected [6] but found [3]">
      <![CDATA[java.lang.AssertionError: expected [6] but found [3]
at com.SauceDemo.Testclasses.TC04MultipleProductAddToCartfunctionality.MultipleProductAddToCartfunctionalityTest(TC04MultipleProductAddToCartfunctionality.java:22)
at java.base/java.util.ArrayList.forEach(ArrayList.java:1511)
... Removed 33 stack frames]]>
    </failure>
  </testcase> <!-- MultipleProductAddToCartfunctionalityTest -->
</testsuite> <!-- Test -->
