<?xml version="1.0" encoding="UTF-8"?>
<testng-results ignored="0" total="4" passed="3" failed="1" skipped="0">
  <reporter-output>
  </reporter-output>
  <suite started-at="2022-06-15T15:27:41 IST" name="Suite" finished-at="2022-06-15T15:29:03 IST" duration-ms="81678">
    <groups>
    </groups>
    <test started-at="2022-06-15T15:27:41 IST" name="Test" finished-at="2022-06-15T15:29:03 IST" duration-ms="81678">
      <class name="com.SauceDemo.Testclasses.TC04MultipleProductAddToCartfunctionality">
        <test-method is-config="true" signature="SetUp(java.lang.String)[pri:0, instance:com.SauceDemo.Testclasses.TC04MultipleProductAddToCartfunctionality@74751b3]" started-at="2022-06-15T15:28:47 IST" name="SetUp" finished-at="2022-06-15T15:29:00 IST" duration-ms="13100" status="PASS">
          <params>
            <param index="0">
              <value>
                <![CDATA[chrome]]>
              </value>
            </param>
          </params>
          <reporter-output>
          </reporter-output>
        </test-method> <!-- SetUp -->
        <test-method signature="MultipleProductAddToCartfunctionalityTest()[pri:0, instance:com.SauceDemo.Testclasses.TC04MultipleProductAddToCartfunctionality@74751b3]" started-at="2022-06-15T15:29:00 IST" name="MultipleProductAddToCartfunctionalityTest" finished-at="2022-06-15T15:29:01 IST" duration-ms="843" status="FAIL">
          <exception class="java.lang.AssertionError">
            <message>
              <![CDATA[expected [6] but found [3]]]>
            </message>
            <full-stacktrace>
              <![CDATA[java.lang.AssertionError: expected [6] but found [3]
at org.testng.Assert.fail(Assert.java:99)
at org.testng.Assert.failNotEquals(Assert.java:1037)
at org.testng.Assert.assertEqualsImpl(Assert.java:140)
at org.testng.Assert.assertEquals(Assert.java:122)
at org.testng.Assert.assertEquals(Assert.java:629)
at org.testng.Assert.assertEquals(Assert.java:639)
at com.SauceDemo.Testclasses.TC04MultipleProductAddToCartfunctionality.MultipleProductAddToCartfunctionalityTest(TC04MultipleProductAddToCartfunctionality.java:22)
at java.base/jdk.internal.reflect.NativeMethodAccessorImpl.invoke0(Native Method)
at java.base/jdk.internal.reflect.NativeMethodAccessorImpl.invoke(NativeMethodAccessorImpl.java:77)
at java.base/jdk.internal.reflect.DelegatingMethodAccessorImpl.invoke(DelegatingMethodAccessorImpl.java:43)
at java.base/java.lang.reflect.Method.invoke(Method.java:568)
at org.testng.internal.MethodInvocationHelper.invokeMethod(MethodInvocationHelper.java:133)
at org.testng.internal.TestInvoker.invokeMethod(TestInvoker.java:598)
at org.testng.internal.TestInvoker.invokeTestMethod(TestInvoker.java:173)
at org.testng.internal.MethodRunner.runInSequence(MethodRunner.java:46)
at org.testng.internal.TestInvoker$MethodInvocationAgent.invoke(TestInvoker.java:824)
at org.testng.internal.TestInvoker.invokeTestMethods(TestInvoker.java:146)
at org.testng.internal.TestMethodWorker.invokeTestMethods(TestMethodWorker.java:146)
at org.testng.internal.TestMethodWorker.run(TestMethodWorker.java:128)
at java.base/java.util.ArrayList.forEach(ArrayList.java:1511)
at org.testng.TestRunner.privateRun(TestRunner.java:794)
at org.testng.TestRunner.run(TestRunner.java:596)
at org.testng.SuiteRunner.runTest(SuiteRunner.java:377)
at org.testng.SuiteRunner.runSequentially(SuiteRunner.java:371)
at org.testng.SuiteRunner.privateRun(SuiteRunner.java:332)
at org.testng.SuiteRunner.run(SuiteRunner.java:276)
at org.testng.SuiteRunnerWorker.runSuite(SuiteRunnerWorker.java:53)
at org.testng.SuiteRunnerWorker.run(SuiteRunnerWorker.java:96)
at org.testng.TestNG.runSuitesSequentially(TestNG.java:1212)
at org.testng.TestNG.runSuitesLocally(TestNG.java:1134)
at org.testng.TestNG.runSuites(TestNG.java:1063)
at org.testng.TestNG.run(TestNG.java:1031)
at org.testng.remote.AbstractRemoteTestNG.run(AbstractRemoteTestNG.java:115)
at org.testng.remote.RemoteTestNG.initAndRun(RemoteTestNG.java:251)
at org.testng.remote.RemoteTestNG.main(RemoteTestNG.java:77)
]]>
            </full-stacktrace>
          </exception> <!-- java.lang.AssertionError -->
          <reporter-output>
          </reporter-output>
        </test-method> <!-- MultipleProductAddToCartfunctionalityTest -->
        <test-method is-config="true" signature="tearDown()[pri:0, instance:com.SauceDemo.Testclasses.TC04MultipleProductAddToCartfunctionality@74751b3]" started-at="2022-06-15T15:29:01 IST" name="tearDown" finished-at="2022-06-15T15:29:03 IST" duration-ms="1559" status="PASS">
          <reporter-output>
          </reporter-output>
        </test-method> <!-- tearDown -->
      </class> <!-- com.SauceDemo.Testclasses.TC04MultipleProductAddToCartfunctionality -->
      <class name="com.SauceDemo.Testclasses.TC03SingleProductAddToCartFunctionality">
        <test-method is-config="true" signature="SetUp(java.lang.String)[pri:0, instance:com.SauceDemo.Testclasses.TC03SingleProductAddToCartFunctionality@58d75e99]" started-at="2022-06-15T15:28:33 IST" name="SetUp" finished-at="2022-06-15T15:28:46 IST" duration-ms="12510" status="PASS">
          <params>
            <param index="0">
              <value>
                <![CDATA[chrome]]>
              </value>
            </param>
          </params>
          <reporter-output>
          </reporter-output>
        </test-method> <!-- SetUp -->
        <test-method signature="SingleProductAddToCartFunctionalityTest()[pri:0, instance:com.SauceDemo.Testclasses.TC03SingleProductAddToCartFunctionality@58d75e99]" started-at="2022-06-15T15:28:46 IST" name="SingleProductAddToCartFunctionalityTest" finished-at="2022-06-15T15:28:47 IST" duration-ms="659" status="PASS">
          <reporter-output>
          </reporter-output>
        </test-method> <!-- SingleProductAddToCartFunctionalityTest -->
        <test-method is-config="true" signature="tearDown()[pri:0, instance:com.SauceDemo.Testclasses.TC03SingleProductAddToCartFunctionality@58d75e99]" started-at="2022-06-15T15:28:47 IST" name="tearDown" finished-at="2022-06-15T15:28:47 IST" duration-ms="348" status="PASS">
          <reporter-output>
          </reporter-output>
        </test-method> <!-- tearDown -->
      </class> <!-- com.SauceDemo.Testclasses.TC03SingleProductAddToCartFunctionality -->
      <class name="com.SauceDemo.Testclasses.TC02LogoutFunctionality">
        <test-method is-config="true" signature="SetUp(java.lang.String)[pri:0, instance:com.SauceDemo.Testclasses.TC02LogoutFunctionality@5ba3f27a]" started-at="2022-06-15T15:28:19 IST" name="SetUp" finished-at="2022-06-15T15:28:32 IST" duration-ms="12993" status="PASS">
          <params>
            <param index="0">
              <value>
                <![CDATA[chrome]]>
              </value>
            </param>
          </params>
          <reporter-output>
          </reporter-output>
        </test-method> <!-- SetUp -->
        <test-method signature="LogoutFunctionalityTest()[pri:0, instance:com.SauceDemo.Testclasses.TC02LogoutFunctionality@5ba3f27a]" started-at="2022-06-15T15:28:32 IST" name="LogoutFunctionalityTest" finished-at="2022-06-15T15:28:33 IST" duration-ms="911" status="PASS">
          <reporter-output>
          </reporter-output>
        </test-method> <!-- LogoutFunctionalityTest -->
        <test-method is-config="true" signature="tearDown()[pri:0, instance:com.SauceDemo.Testclasses.TC02LogoutFunctionality@5ba3f27a]" started-at="2022-06-15T15:28:33 IST" name="tearDown" finished-at="2022-06-15T15:28:33 IST" duration-ms="542" status="PASS">
          <reporter-output>
          </reporter-output>
        </test-method> <!-- tearDown -->
      </class> <!-- com.SauceDemo.Testclasses.TC02LogoutFunctionality -->
      <class name="com.SauceDemo.Testclasses.TC01LoginFunctionality">
        <test-method is-config="true" signature="SetUp(java.lang.String)[pri:0, instance:com.SauceDemo.Testclasses.TC01LoginFunctionality@483f6d77]" started-at="2022-06-15T15:27:41 IST" name="SetUp" finished-at="2022-06-15T15:28:17 IST" duration-ms="35993" status="PASS">
          <params>
            <param index="0">
              <value>
                <![CDATA[chrome]]>
              </value>
            </param>
          </params>
          <reporter-output>
          </reporter-output>
        </test-method> <!-- SetUp -->
        <test-method signature="LoginFunctionalityTest()[pri:0, instance:com.SauceDemo.Testclasses.TC01LoginFunctionality@483f6d77]" started-at="2022-06-15T15:28:17 IST" name="LoginFunctionalityTest" finished-at="2022-06-15T15:28:18 IST" duration-ms="720" status="PASS">
          <reporter-output>
          </reporter-output>
        </test-method> <!-- LoginFunctionalityTest -->
        <test-method is-config="true" signature="tearDown()[pri:0, instance:com.SauceDemo.Testclasses.TC01LoginFunctionality@483f6d77]" started-at="2022-06-15T15:28:18 IST" name="tearDown" finished-at="2022-06-15T15:28:19 IST" duration-ms="802" status="PASS">
          <reporter-output>
          </reporter-output>
        </test-method> <!-- tearDown -->
      </class> <!-- com.SauceDemo.Testclasses.TC01LoginFunctionality -->
    </test> <!-- Test -->
  </suite> <!-- Suite -->
</testng-results>
